Loading tokenizer for facebook/esmfold_v1...
Loading SidechainNet...
SidechainNet was loaded from sidechainnet_data/sidechainnet_debug.pkl.
313 (69.6%) data set entries were excluded due to missing residues.
Fold 1/5: loading fresh model on cuda...
Trainable parameters: 157,352,960 / 3,525,038,915
CUDA out of memory. Tried to allocate 14.00 MiB. GPU 0 has a total capacity of 23.55 GiB of which 13.69 MiB is free. Including non-PyTorch memory, this process has 23.45 GiB memory in use. Of the allocated memory 22.36 GiB is allocated by PyTorch, and 803.95 MiB is reserved by PyTorch but unallocated. If reserved but unallocated memory is large try setting PYTORCH_ALLOC_CONF=expandable_segments:True to avoid fragmentation.  See documentation for Memory Management  (https://pytorch.org/docs/stable/notes/cuda.html#environment-variables)
distogram loss is NaN. Skipping...
fape loss is NaN. Skipping...
plddt_loss loss is NaN. Skipping...
supervised_chi loss is NaN. Skipping...
CUDA out of memory. Tried to allocate 42.00 MiB. GPU 0 has a total capacity of 23.55 GiB of which 3.69 MiB is free. Including non-PyTorch memory, this process has 23.46 GiB memory in use. Of the allocated memory 22.53 GiB is allocated by PyTorch, and 634.33 MiB is reserved by PyTorch but unallocated. If reserved but unallocated memory is large try setting PYTORCH_ALLOC_CONF=expandable_segments:True to avoid fragmentation.  See documentation for Memory Management  (https://pytorch.org/docs/stable/notes/cuda.html#environment-variables)
CUDA error: CUBLAS_STATUS_INTERNAL_ERROR when calling `cublasGemmStridedBatchedEx( handle, opa, opb, m, n, k, alpha_ptr, a, CUDA_R_16F, lda, stridea, b, CUDA_R_16F, ldb, strideb, beta_ptr, c, std::is_same_v<C_Dtype, float> ? CUDA_R_32F : CUDA_R_16F, ldc, stridec, num_batches, compute_type, CUBLAS_GEMM_DEFAULT_TENSOR_OP)`
CUDA error: CUBLAS_STATUS_INTERNAL_ERROR when calling `cublasGemmStridedBatchedEx( handle, opa, opb, m, n, k, alpha_ptr, a, CUDA_R_16F, lda, stridea, b, CUDA_R_16F, ldb, strideb, beta_ptr, c, std::is_same_v<C_Dtype, float> ? CUDA_R_32F : CUDA_R_16F, ldc, stridec, num_batches, compute_type, CUBLAS_GEMM_DEFAULT_TENSOR_OP)`
distogram loss is NaN. Skipping...
fape loss is NaN. Skipping...
plddt_loss loss is NaN. Skipping...
supervised_chi loss is NaN. Skipping...
CUDA error: CUBLAS_STATUS_INTERNAL_ERROR when calling `cublasGemmStridedBatchedEx( handle, opa, opb, m, n, k, alpha_ptr, a, CUDA_R_16F, lda, stridea, b, CUDA_R_16F, ldb, strideb, beta_ptr, c, std::is_same_v<C_Dtype, float> ? CUDA_R_32F : CUDA_R_16F, ldc, stridec, num_batches, compute_type, CUBLAS_GEMM_DEFAULT_TENSOR_OP)`
distogram loss is NaN. Skipping...
fape loss is NaN. Skipping...
plddt_loss loss is NaN. Skipping...
supervised_chi loss is NaN. Skipping...
distogram loss is NaN. Skipping...
fape loss is NaN. Skipping...
plddt_loss loss is NaN. Skipping...
supervised_chi loss is NaN. Skipping...
CUDA out of memory. Tried to allocate 76.00 MiB. GPU 0 has a total capacity of 23.55 GiB of which 69.69 MiB is free. Including non-PyTorch memory, this process has 23.40 GiB memory in use. Of the allocated memory 21.78 GiB is allocated by PyTorch, and 1.30 GiB is reserved by PyTorch but unallocated. If reserved but unallocated memory is large try setting PYTORCH_ALLOC_CONF=expandable_segments:True to avoid fragmentation.  See documentation for Memory Management  (https://pytorch.org/docs/stable/notes/cuda.html#environment-variables)
CUDA out of memory. Tried to allocate 152.00 MiB. GPU 0 has a total capacity of 23.55 GiB of which 13.69 MiB is free. Including non-PyTorch memory, this process has 23.45 GiB memory in use. Of the allocated memory 22.95 GiB is allocated by PyTorch, and 190.14 MiB is reserved by PyTorch but unallocated. If reserved but unallocated memory is large try setting PYTORCH_ALLOC_CONF=expandable_segments:True to avoid fragmentation.  See documentation for Memory Management  (https://pytorch.org/docs/stable/notes/cuda.html#environment-variables)
distogram loss is NaN. Skipping...
fape loss is NaN. Skipping...
plddt_loss loss is NaN. Skipping...
supervised_chi loss is NaN. Skipping...
distogram loss is NaN. Skipping...
fape loss is NaN. Skipping...
plddt_loss loss is NaN. Skipping...
supervised_chi loss is NaN. Skipping...
CUDA out of memory. Tried to allocate 20.00 MiB. GPU 0 has a total capacity of 23.55 GiB of which 7.69 MiB is free. Including non-PyTorch memory, this process has 23.46 GiB memory in use. Of the allocated memory 22.96 GiB is allocated by PyTorch, and 178.55 MiB is reserved by PyTorch but unallocated. If reserved but unallocated memory is large try setting PYTORCH_ALLOC_CONF=expandable_segments:True to avoid fragmentation.  See documentation for Memory Management  (https://pytorch.org/docs/stable/notes/cuda.html#environment-variables)
distogram loss is NaN. Skipping...
fape loss is NaN. Skipping...
plddt_loss loss is NaN. Skipping...
supervised_chi loss is NaN. Skipping...
CUDA error: CUBLAS_STATUS_INTERNAL_ERROR when calling `cublasGemmStridedBatchedEx( handle, opa, opb, m, n, k, alpha_ptr, a, CUDA_R_16F, lda, stridea, b, CUDA_R_16F, ldb, strideb, beta_ptr, c, std::is_same_v<C_Dtype, float> ? CUDA_R_32F : CUDA_R_16F, ldc, stridec, num_batches, compute_type, CUBLAS_GEMM_DEFAULT_TENSOR_OP)`
CUDA out of memory. Tried to allocate 98.00 MiB. GPU 0 has a total capacity of 23.55 GiB of which 67.69 MiB is free. Including non-PyTorch memory, this process has 23.40 GiB memory in use. Of the allocated memory 22.49 GiB is allocated by PyTorch, and 604.17 MiB is reserved by PyTorch but unallocated. If reserved but unallocated memory is large try setting PYTORCH_ALLOC_CONF=expandable_segments:True to avoid fragmentation.  See documentation for Memory Management  (https://pytorch.org/docs/stable/notes/cuda.html#environment-variables)
CUDA out of memory. Tried to allocate 2.00 MiB. GPU 0 has a total capacity of 23.55 GiB of which 3.69 MiB is free. Including non-PyTorch memory, this process has 23.46 GiB memory in use. Of the allocated memory 21.68 GiB is allocated by PyTorch, and 1.46 GiB is reserved by PyTorch but unallocated. If reserved but unallocated memory is large try setting PYTORCH_ALLOC_CONF=expandable_segments:True to avoid fragmentation.  See documentation for Memory Management  (https://pytorch.org/docs/stable/notes/cuda.html#environment-variables)
CUDA error: CUBLAS_STATUS_INTERNAL_ERROR when calling `cublasGemmStridedBatchedEx( handle, opa, opb, m, n, k, alpha_ptr, a, CUDA_R_16F, lda, stridea, b, CUDA_R_16F, ldb, strideb, beta_ptr, c, std::is_same_v<C_Dtype, float> ? CUDA_R_32F : CUDA_R_16F, ldc, stridec, num_batches, compute_type, CUBLAS_GEMM_DEFAULT_TENSOR_OP)`
CUDA error: CUBLAS_STATUS_INTERNAL_ERROR when calling `cublasGemmStridedBatchedEx( handle, opa, opb, m, n, k, alpha_ptr, a, CUDA_R_16F, lda, stridea, b, CUDA_R_16F, ldb, strideb, beta_ptr, c, std::is_same_v<C_Dtype, float> ? CUDA_R_32F : CUDA_R_16F, ldc, stridec, num_batches, compute_type, CUBLAS_GEMM_DEFAULT_TENSOR_OP)`
CUDA error: CUBLAS_STATUS_INTERNAL_ERROR when calling `cublasGemmStridedBatchedEx( handle, opa, opb, m, n, k, alpha_ptr, a, CUDA_R_16F, lda, stridea, b, CUDA_R_16F, ldb, strideb, beta_ptr, c, std::is_same_v<C_Dtype, float> ? CUDA_R_32F : CUDA_R_16F, ldc, stridec, num_batches, compute_type, CUBLAS_GEMM_DEFAULT_TENSOR_OP)`
CUDA out of memory. Tried to allocate 56.00 MiB. GPU 0 has a total capacity of 23.55 GiB of which 25.69 MiB is free. Including non-PyTorch memory, this process has 23.44 GiB memory in use. Of the allocated memory 22.76 GiB is allocated by PyTorch, and 367.07 MiB is reserved by PyTorch but unallocated. If reserved but unallocated memory is large try setting PYTORCH_ALLOC_CONF=expandable_segments:True to avoid fragmentation.  See documentation for Memory Management  (https://pytorch.org/docs/stable/notes/cuda.html#environment-variables)
distogram loss is NaN. Skipping...
fape loss is NaN. Skipping...
plddt_loss loss is NaN. Skipping...
supervised_chi loss is NaN. Skipping...
CUDA out of memory. Tried to allocate 14.00 MiB. GPU 0 has a total capacity of 23.55 GiB of which 11.69 MiB is free. Including non-PyTorch memory, this process has 23.45 GiB memory in use. Of the allocated memory 22.29 GiB is allocated by PyTorch, and 860.34 MiB is reserved by PyTorch but unallocated. If reserved but unallocated memory is large try setting PYTORCH_ALLOC_CONF=expandable_segments:True to avoid fragmentation.  See documentation for Memory Management  (https://pytorch.org/docs/stable/notes/cuda.html#environment-variables)
distogram loss is NaN. Skipping...
fape loss is NaN. Skipping...
plddt_loss loss is NaN. Skipping...
supervised_chi loss is NaN. Skipping...
CUDA error: CUBLAS_STATUS_INTERNAL_ERROR when calling `cublasGemmStridedBatchedEx( handle, opa, opb, m, n, k, alpha_ptr, a, CUDA_R_16F, lda, stridea, b, CUDA_R_16F, ldb, strideb, beta_ptr, c, std::is_same_v<C_Dtype, float> ? CUDA_R_32F : CUDA_R_16F, ldc, stridec, num_batches, compute_type, CUBLAS_GEMM_DEFAULT_TENSOR_OP)`
CUDA error: CUBLAS_STATUS_INTERNAL_ERROR when calling `cublasGemmStridedBatchedEx( handle, opa, opb, m, n, k, alpha_ptr, a, CUDA_R_16F, lda, stridea, b, CUDA_R_16F, ldb, strideb, beta_ptr, c, std::is_same_v<C_Dtype, float> ? CUDA_R_32F : CUDA_R_16F, ldc, stridec, num_batches, compute_type, CUBLAS_GEMM_DEFAULT_TENSOR_OP)`
CUDA out of memory. Tried to allocate 32.00 MiB. GPU 0 has a total capacity of 23.55 GiB of which 23.69 MiB is free. Including non-PyTorch memory, this process has 23.44 GiB memory in use. Of the allocated memory 22.37 GiB is allocated by PyTorch, and 770.11 MiB is reserved by PyTorch but unallocated. If reserved but unallocated memory is large try setting PYTORCH_ALLOC_CONF=expandable_segments:True to avoid fragmentation.  See documentation for Memory Management  (https://pytorch.org/docs/stable/notes/cuda.html#environment-variables)
distogram loss is NaN. Skipping...
fape loss is NaN. Skipping...
plddt_loss loss is NaN. Skipping...
supervised_chi loss is NaN. Skipping...
CUDA error: CUBLAS_STATUS_INTERNAL_ERROR when calling `cublasGemmStridedBatchedEx( handle, opa, opb, m, n, k, alpha_ptr, a, CUDA_R_16F, lda, stridea, b, CUDA_R_16F, ldb, strideb, beta_ptr, c, std::is_same_v<C_Dtype, float> ? CUDA_R_32F : CUDA_R_16F, ldc, stridec, num_batches, compute_type, CUBLAS_GEMM_DEFAULT_TENSOR_OP)`
CUDA error: CUBLAS_STATUS_INTERNAL_ERROR when calling `cublasGemmStridedBatchedEx( handle, opa, opb, m, n, k, alpha_ptr, a, CUDA_R_16F, lda, stridea, b, CUDA_R_16F, ldb, strideb, beta_ptr, c, std::is_same_v<C_Dtype, float> ? CUDA_R_32F : CUDA_R_16F, ldc, stridec, num_batches, compute_type, CUBLAS_GEMM_DEFAULT_TENSOR_OP)`
CUDA error: CUBLAS_STATUS_INTERNAL_ERROR when calling `cublasGemmStridedBatchedEx( handle, opa, opb, m, n, k, alpha_ptr, a, CUDA_R_16F, lda, stridea, b, CUDA_R_16F, ldb, strideb, beta_ptr, c, std::is_same_v<C_Dtype, float> ? CUDA_R_32F : CUDA_R_16F, ldc, stridec, num_batches, compute_type, CUBLAS_GEMM_DEFAULT_TENSOR_OP)`
CUDA error: CUBLAS_STATUS_INTERNAL_ERROR when calling `cublasGemmStridedBatchedEx( handle, opa, opb, m, n, k, alpha_ptr, a, CUDA_R_16F, lda, stridea, b, CUDA_R_16F, ldb, strideb, beta_ptr, c, std::is_same_v<C_Dtype, float> ? CUDA_R_32F : CUDA_R_16F, ldc, stridec, num_batches, compute_type, CUBLAS_GEMM_DEFAULT_TENSOR_OP)`
distogram loss is NaN. Skipping...
fape loss is NaN. Skipping...
plddt_loss loss is NaN. Skipping...
supervised_chi loss is NaN. Skipping...
CUDA out of memory. Tried to allocate 34.00 MiB. GPU 0 has a total capacity of 23.55 GiB of which 27.69 MiB is free. Including non-PyTorch memory, this process has 23.44 GiB memory in use. Of the allocated memory 21.03 GiB is allocated by PyTorch, and 2.09 GiB is reserved by PyTorch but unallocated. If reserved but unallocated memory is large try setting PYTORCH_ALLOC_CONF=expandable_segments:True to avoid fragmentation.  See documentation for Memory Management  (https://pytorch.org/docs/stable/notes/cuda.html#environment-variables)
CUDA error: CUBLAS_STATUS_INTERNAL_ERROR when calling `cublasGemmStridedBatchedEx( handle, opa, opb, m, n, k, alpha_ptr, a, CUDA_R_16F, lda, stridea, b, CUDA_R_16F, ldb, strideb, beta_ptr, c, std::is_same_v<C_Dtype, float> ? CUDA_R_32F : CUDA_R_16F, ldc, stridec, num_batches, compute_type, CUBLAS_GEMM_DEFAULT_TENSOR_OP)`
CUDA out of memory. Tried to allocate 144.00 MiB. GPU 0 has a total capacity of 23.55 GiB of which 113.69 MiB is free. Including non-PyTorch memory, this process has 23.35 GiB memory in use. Of the allocated memory 22.70 GiB is allocated by PyTorch, and 341.67 MiB is reserved by PyTorch but unallocated. If reserved but unallocated memory is large try setting PYTORCH_ALLOC_CONF=expandable_segments:True to avoid fragmentation.  See documentation for Memory Management  (https://pytorch.org/docs/stable/notes/cuda.html#environment-variables)
distogram loss is NaN. Skipping...
fape loss is NaN. Skipping...
plddt_loss loss is NaN. Skipping...
supervised_chi loss is NaN. Skipping...
CUDA out of memory. Tried to allocate 54.00 MiB. GPU 0 has a total capacity of 23.55 GiB of which 41.69 MiB is free. Including non-PyTorch memory, this process has 23.42 GiB memory in use. Of the allocated memory 22.53 GiB is allocated by PyTorch, and 592.86 MiB is reserved by PyTorch but unallocated. If reserved but unallocated memory is large try setting PYTORCH_ALLOC_CONF=expandable_segments:True to avoid fragmentation.  See documentation for Memory Management  (https://pytorch.org/docs/stable/notes/cuda.html#environment-variables)
CUDA out of memory. Tried to allocate 60.00 MiB. GPU 0 has a total capacity of 23.55 GiB of which 47.69 MiB is free. Including non-PyTorch memory, this process has 23.42 GiB memory in use. Of the allocated memory 22.67 GiB is allocated by PyTorch, and 441.42 MiB is reserved by PyTorch but unallocated. If reserved but unallocated memory is large try setting PYTORCH_ALLOC_CONF=expandable_segments:True to avoid fragmentation.  See documentation for Memory Management  (https://pytorch.org/docs/stable/notes/cuda.html#environment-variables)
distogram loss is NaN. Skipping...
fape loss is NaN. Skipping...
plddt_loss loss is NaN. Skipping...
supervised_chi loss is NaN. Skipping...
distogram loss is NaN. Skipping...
fape loss is NaN. Skipping...
plddt_loss loss is NaN. Skipping...
supervised_chi loss is NaN. Skipping...
CUDA error: CUBLAS_STATUS_INTERNAL_ERROR when calling `cublasGemmStridedBatchedEx( handle, opa, opb, m, n, k, alpha_ptr, a, CUDA_R_16F, lda, stridea, b, CUDA_R_16F, ldb, strideb, beta_ptr, c, std::is_same_v<C_Dtype, float> ? CUDA_R_32F : CUDA_R_16F, ldc, stridec, num_batches, compute_type, CUBLAS_GEMM_DEFAULT_TENSOR_OP)`
CUDA error: CUBLAS_STATUS_INTERNAL_ERROR when calling `cublasGemmStridedBatchedEx( handle, opa, opb, m, n, k, alpha_ptr, a, CUDA_R_16F, lda, stridea, b, CUDA_R_16F, ldb, strideb, beta_ptr, c, std::is_same_v<C_Dtype, float> ? CUDA_R_32F : CUDA_R_16F, ldc, stridec, num_batches, compute_type, CUBLAS_GEMM_DEFAULT_TENSOR_OP)`
CUDA error: CUBLAS_STATUS_INTERNAL_ERROR when calling `cublasGemmStridedBatchedEx( handle, opa, opb, m, n, k, alpha_ptr, a, CUDA_R_16F, lda, stridea, b, CUDA_R_16F, ldb, strideb, beta_ptr, c, std::is_same_v<C_Dtype, float> ? CUDA_R_32F : CUDA_R_16F, ldc, stridec, num_batches, compute_type, CUBLAS_GEMM_DEFAULT_TENSOR_OP)`
distogram loss is NaN. Skipping...
fape loss is NaN. Skipping...
plddt_loss loss is NaN. Skipping...
supervised_chi loss is NaN. Skipping...
distogram loss is NaN. Skipping...
fape loss is NaN. Skipping...
plddt_loss loss is NaN. Skipping...
supervised_chi loss is NaN. Skipping...
distogram loss is NaN. Skipping...
fape loss is NaN. Skipping...
plddt_loss loss is NaN. Skipping...
supervised_chi loss is NaN. Skipping...
CUDA out of memory. Tried to allocate 16.00 MiB. GPU 0 has a total capacity of 23.55 GiB of which 5.69 MiB is free. Including non-PyTorch memory, this process has 23.46 GiB memory in use. Of the allocated memory 22.54 GiB is allocated by PyTorch, and 618.52 MiB is reserved by PyTorch but unallocated. If reserved but unallocated memory is large try setting PYTORCH_ALLOC_CONF=expandable_segments:True to avoid fragmentation.  See documentation for Memory Management  (https://pytorch.org/docs/stable/notes/cuda.html#environment-variables)
CUDA error: CUBLAS_STATUS_INTERNAL_ERROR when calling `cublasGemmStridedBatchedEx( handle, opa, opb, m, n, k, alpha_ptr, a, CUDA_R_16F, lda, stridea, b, CUDA_R_16F, ldb, strideb, beta_ptr, c, std::is_same_v<C_Dtype, float> ? CUDA_R_32F : CUDA_R_16F, ldc, stridec, num_batches, compute_type, CUBLAS_GEMM_DEFAULT_TENSOR_OP)`
CUDA out of memory. Tried to allocate 32.00 MiB. GPU 0 has a total capacity of 23.55 GiB of which 3.69 MiB is free. Including non-PyTorch memory, this process has 23.46 GiB memory in use. Of the allocated memory 22.99 GiB is allocated by PyTorch, and 152.70 MiB is reserved by PyTorch but unallocated. If reserved but unallocated memory is large try setting PYTORCH_ALLOC_CONF=expandable_segments:True to avoid fragmentation.  See documentation for Memory Management  (https://pytorch.org/docs/stable/notes/cuda.html#environment-variables)
CUDA error: CUBLAS_STATUS_INTERNAL_ERROR when calling `cublasGemmStridedBatchedEx( handle, opa, opb, m, n, k, alpha_ptr, a, CUDA_R_16F, lda, stridea, b, CUDA_R_16F, ldb, strideb, beta_ptr, c, std::is_same_v<C_Dtype, float> ? CUDA_R_32F : CUDA_R_16F, ldc, stridec, num_batches, compute_type, CUBLAS_GEMM_DEFAULT_TENSOR_OP)`
CUDA out of memory. Tried to allocate 20.00 MiB. GPU 0 has a total capacity of 23.55 GiB of which 19.69 MiB is free. Including non-PyTorch memory, this process has 23.45 GiB memory in use. Of the allocated memory 22.76 GiB is allocated by PyTorch, and 377.71 MiB is reserved by PyTorch but unallocated. If reserved but unallocated memory is large try setting PYTORCH_ALLOC_CONF=expandable_segments:True to avoid fragmentation.  See documentation for Memory Management  (https://pytorch.org/docs/stable/notes/cuda.html#environment-variables)
distogram loss is NaN. Skipping...
fape loss is NaN. Skipping...
plddt_loss loss is NaN. Skipping...
supervised_chi loss is NaN. Skipping...
distogram loss is NaN. Skipping...
fape loss is NaN. Skipping...
plddt_loss loss is NaN. Skipping...
supervised_chi loss is NaN. Skipping...
CUDA error: CUBLAS_STATUS_INTERNAL_ERROR when calling `cublasGemmStridedBatchedEx( handle, opa, opb, m, n, k, alpha_ptr, a, CUDA_R_16F, lda, stridea, b, CUDA_R_16F, ldb, strideb, beta_ptr, c, std::is_same_v<C_Dtype, float> ? CUDA_R_32F : CUDA_R_16F, ldc, stridec, num_batches, compute_type, CUBLAS_GEMM_DEFAULT_TENSOR_OP)`
CUDA error: CUBLAS_STATUS_INTERNAL_ERROR when calling `cublasGemmStridedBatchedEx( handle, opa, opb, m, n, k, alpha_ptr, a, CUDA_R_16F, lda, stridea, b, CUDA_R_16F, ldb, strideb, beta_ptr, c, std::is_same_v<C_Dtype, float> ? CUDA_R_32F : CUDA_R_16F, ldc, stridec, num_batches, compute_type, CUBLAS_GEMM_DEFAULT_TENSOR_OP)`
distogram loss is NaN. Skipping...
fape loss is NaN. Skipping...
plddt_loss loss is NaN. Skipping...
supervised_chi loss is NaN. Skipping...
distogram loss is NaN. Skipping...
fape loss is NaN. Skipping...
plddt_loss loss is NaN. Skipping...
supervised_chi loss is NaN. Skipping...
CUDA out of memory. Tried to allocate 18.00 MiB. GPU 0 has a total capacity of 23.55 GiB of which 7.69 MiB is free. Including non-PyTorch memory, this process has 23.46 GiB memory in use. Of the allocated memory 22.20 GiB is allocated by PyTorch, and 966.10 MiB is reserved by PyTorch but unallocated. If reserved but unallocated memory is large try setting PYTORCH_ALLOC_CONF=expandable_segments:True to avoid fragmentation.  See documentation for Memory Management  (https://pytorch.org/docs/stable/notes/cuda.html#environment-variables)
CUDA out of memory. Tried to allocate 24.00 MiB. GPU 0 has a total capacity of 23.55 GiB of which 7.69 MiB is free. Including non-PyTorch memory, this process has 23.46 GiB memory in use. Of the allocated memory 22.53 GiB is allocated by PyTorch, and 622.12 MiB is reserved by PyTorch but unallocated. If reserved but unallocated memory is large try setting PYTORCH_ALLOC_CONF=expandable_segments:True to avoid fragmentation.  See documentation for Memory Management  (https://pytorch.org/docs/stable/notes/cuda.html#environment-variables)
CUDA out of memory. Tried to allocate 20.00 MiB. GPU 0 has a total capacity of 23.55 GiB of which 9.69 MiB is free. Including non-PyTorch memory, this process has 23.46 GiB memory in use. Of the allocated memory 22.36 GiB is allocated by PyTorch, and 790.37 MiB is reserved by PyTorch but unallocated. If reserved but unallocated memory is large try setting PYTORCH_ALLOC_CONF=expandable_segments:True to avoid fragmentation.  See documentation for Memory Management  (https://pytorch.org/docs/stable/notes/cuda.html#environment-variables)
CUDA out of memory. Tried to allocate 158.00 MiB. GPU 0 has a total capacity of 23.55 GiB of which 21.69 MiB is free. Including non-PyTorch memory, this process has 23.44 GiB memory in use. Of the allocated memory 22.82 GiB is allocated by PyTorch, and 313.37 MiB is reserved by PyTorch but unallocated. If reserved but unallocated memory is large try setting PYTORCH_ALLOC_CONF=expandable_segments:True to avoid fragmentation.  See documentation for Memory Management  (https://pytorch.org/docs/stable/notes/cuda.html#environment-variables)
CUDA out of memory. Tried to allocate 20.00 MiB. GPU 0 has a total capacity of 23.55 GiB of which 5.69 MiB is free. Including non-PyTorch memory, this process has 23.46 GiB memory in use. Of the allocated memory 22.66 GiB is allocated by PyTorch, and 496.04 MiB is reserved by PyTorch but unallocated. If reserved but unallocated memory is large try setting PYTORCH_ALLOC_CONF=expandable_segments:True to avoid fragmentation.  See documentation for Memory Management  (https://pytorch.org/docs/stable/notes/cuda.html#environment-variables)
distogram loss is NaN. Skipping...
fape loss is NaN. Skipping...
plddt_loss loss is NaN. Skipping...
supervised_chi loss is NaN. Skipping...
distogram loss is NaN. Skipping...
fape loss is NaN. Skipping...
plddt_loss loss is NaN. Skipping...
supervised_chi loss is NaN. Skipping...
CUDA error: CUBLAS_STATUS_INTERNAL_ERROR when calling `cublasGemmStridedBatchedEx( handle, opa, opb, m, n, k, alpha_ptr, a, CUDA_R_16F, lda, stridea, b, CUDA_R_16F, ldb, strideb, beta_ptr, c, std::is_same_v<C_Dtype, float> ? CUDA_R_32F : CUDA_R_16F, ldc, stridec, num_batches, compute_type, CUBLAS_GEMM_DEFAULT_TENSOR_OP)`
CUDA out of memory. Tried to allocate 124.00 MiB. GPU 0 has a total capacity of 23.55 GiB of which 91.69 MiB is free. Including non-PyTorch memory, this process has 23.38 GiB memory in use. Of the allocated memory 22.63 GiB is allocated by PyTorch, and 437.29 MiB is reserved by PyTorch but unallocated. If reserved but unallocated memory is large try setting PYTORCH_ALLOC_CONF=expandable_segments:True to avoid fragmentation.  See documentation for Memory Management  (https://pytorch.org/docs/stable/notes/cuda.html#environment-variables)
CUDA error: CUBLAS_STATUS_INTERNAL_ERROR when calling `cublasGemmStridedBatchedEx( handle, opa, opb, m, n, k, alpha_ptr, a, CUDA_R_16F, lda, stridea, b, CUDA_R_16F, ldb, strideb, beta_ptr, c, std::is_same_v<C_Dtype, float> ? CUDA_R_32F : CUDA_R_16F, ldc, stridec, num_batches, compute_type, CUBLAS_GEMM_DEFAULT_TENSOR_OP)`
distogram loss is NaN. Skipping...
fape loss is NaN. Skipping...
plddt_loss loss is NaN. Skipping...
supervised_chi loss is NaN. Skipping...
CUDA out of memory. Tried to allocate 20.00 MiB. GPU 0 has a total capacity of 23.55 GiB of which 11.69 MiB is free. Including non-PyTorch memory, this process has 23.45 GiB memory in use. Of the allocated memory 22.03 GiB is allocated by PyTorch, and 1.10 GiB is reserved by PyTorch but unallocated. If reserved but unallocated memory is large try setting PYTORCH_ALLOC_CONF=expandable_segments:True to avoid fragmentation.  See documentation for Memory Management  (https://pytorch.org/docs/stable/notes/cuda.html#environment-variables)
distogram loss is NaN. Skipping...
fape loss is NaN. Skipping...
plddt_loss loss is NaN. Skipping...
supervised_chi loss is NaN. Skipping...
CUDA out of memory. Tried to allocate 30.00 MiB. GPU 0 has a total capacity of 23.55 GiB of which 15.69 MiB is free. Including non-PyTorch memory, this process has 23.45 GiB memory in use. Of the allocated memory 22.07 GiB is allocated by PyTorch, and 1.06 GiB is reserved by PyTorch but unallocated. If reserved but unallocated memory is large try setting PYTORCH_ALLOC_CONF=expandable_segments:True to avoid fragmentation.  See documentation for Memory Management  (https://pytorch.org/docs/stable/notes/cuda.html#environment-variables)
CUDA out of memory. Tried to allocate 240.00 MiB. GPU 0 has a total capacity of 23.55 GiB of which 101.69 MiB is free. Including non-PyTorch memory, this process has 23.37 GiB memory in use. Of the allocated memory 22.81 GiB is allocated by PyTorch, and 240.86 MiB is reserved by PyTorch but unallocated. If reserved but unallocated memory is large try setting PYTORCH_ALLOC_CONF=expandable_segments:True to avoid fragmentation.  See documentation for Memory Management  (https://pytorch.org/docs/stable/notes/cuda.html#environment-variables)
distogram loss is NaN. Skipping...
fape loss is NaN. Skipping...
plddt_loss loss is NaN. Skipping...
supervised_chi loss is NaN. Skipping...
CUDA out of memory. Tried to allocate 72.00 MiB. GPU 0 has a total capacity of 23.55 GiB of which 35.69 MiB is free. Including non-PyTorch memory, this process has 23.43 GiB memory in use. Of the allocated memory 22.75 GiB is allocated by PyTorch, and 368.90 MiB is reserved by PyTorch but unallocated. If reserved but unallocated memory is large try setting PYTORCH_ALLOC_CONF=expandable_segments:True to avoid fragmentation.  See documentation for Memory Management  (https://pytorch.org/docs/stable/notes/cuda.html#environment-variables)
distogram loss is NaN. Skipping...
fape loss is NaN. Skipping...
plddt_loss loss is NaN. Skipping...
supervised_chi loss is NaN. Skipping...
distogram loss is NaN. Skipping...
fape loss is NaN. Skipping...
plddt_loss loss is NaN. Skipping...
supervised_chi loss is NaN. Skipping...
CUDA out of memory. Tried to allocate 94.00 MiB. GPU 0 has a total capacity of 23.55 GiB of which 19.69 MiB is free. Including non-PyTorch memory, this process has 23.45 GiB memory in use. Of the allocated memory 22.81 GiB is allocated by PyTorch, and 324.23 MiB is reserved by PyTorch but unallocated. If reserved but unallocated memory is large try setting PYTORCH_ALLOC_CONF=expandable_segments:True to avoid fragmentation.  See documentation for Memory Management  (https://pytorch.org/docs/stable/notes/cuda.html#environment-variables)
distogram loss is NaN. Skipping...
fape loss is NaN. Skipping...
plddt_loss loss is NaN. Skipping...
supervised_chi loss is NaN. Skipping...
distogram loss is NaN. Skipping...
fape loss is NaN. Skipping...
plddt_loss loss is NaN. Skipping...
supervised_chi loss is NaN. Skipping...
CUDA out of memory. Tried to allocate 284.00 MiB. GPU 0 has a total capacity of 23.55 GiB of which 171.69 MiB is free. Including non-PyTorch memory, this process has 23.30 GiB memory in use. Of the allocated memory 22.59 GiB is allocated by PyTorch, and 397.44 MiB is reserved by PyTorch but unallocated. If reserved but unallocated memory is large try setting PYTORCH_ALLOC_CONF=expandable_segments:True to avoid fragmentation.  See documentation for Memory Management  (https://pytorch.org/docs/stable/notes/cuda.html#environment-variables)
CUDA out of memory. Tried to allocate 392.00 MiB. GPU 0 has a total capacity of 23.55 GiB of which 375.69 MiB is free. Including non-PyTorch memory, this process has 23.10 GiB memory in use. Of the allocated memory 22.39 GiB is allocated by PyTorch, and 396.43 MiB is reserved by PyTorch but unallocated. If reserved but unallocated memory is large try setting PYTORCH_ALLOC_CONF=expandable_segments:True to avoid fragmentation.  See documentation for Memory Management  (https://pytorch.org/docs/stable/notes/cuda.html#environment-variables)
CUDA out of memory. Tried to allocate 28.00 MiB. GPU 0 has a total capacity of 23.55 GiB of which 9.69 MiB is free. Including non-PyTorch memory, this process has 23.46 GiB memory in use. Of the allocated memory 22.97 GiB is allocated by PyTorch, and 169.44 MiB is reserved by PyTorch but unallocated. If reserved but unallocated memory is large try setting PYTORCH_ALLOC_CONF=expandable_segments:True to avoid fragmentation.  See documentation for Memory Management  (https://pytorch.org/docs/stable/notes/cuda.html#environment-variables)
CUDA error: CUBLAS_STATUS_INTERNAL_ERROR when calling `cublasGemmStridedBatchedEx( handle, opa, opb, m, n, k, alpha_ptr, a, CUDA_R_16F, lda, stridea, b, CUDA_R_16F, ldb, strideb, beta_ptr, c, std::is_same_v<C_Dtype, float> ? CUDA_R_32F : CUDA_R_16F, ldc, stridec, num_batches, compute_type, CUBLAS_GEMM_DEFAULT_TENSOR_OP)`
distogram loss is NaN. Skipping...
fape loss is NaN. Skipping...
plddt_loss loss is NaN. Skipping...
supervised_chi loss is NaN. Skipping...
CUDA out of memory. Tried to allocate 20.00 MiB. GPU 0 has a total capacity of 23.55 GiB of which 21.69 MiB is free. Including non-PyTorch memory, this process has 23.44 GiB memory in use. Of the allocated memory 22.45 GiB is allocated by PyTorch, and 692.84 MiB is reserved by PyTorch but unallocated. If reserved but unallocated memory is large try setting PYTORCH_ALLOC_CONF=expandable_segments:True to avoid fragmentation.  See documentation for Memory Management  (https://pytorch.org/docs/stable/notes/cuda.html#environment-variables)
CUDA error: CUBLAS_STATUS_INTERNAL_ERROR when calling `cublasGemmStridedBatchedEx( handle, opa, opb, m, n, k, alpha_ptr, a, CUDA_R_16F, lda, stridea, b, CUDA_R_16F, ldb, strideb, beta_ptr, c, std::is_same_v<C_Dtype, float> ? CUDA_R_32F : CUDA_R_16F, ldc, stridec, num_batches, compute_type, CUBLAS_GEMM_DEFAULT_TENSOR_OP)`
distogram loss is NaN. Skipping...
fape loss is NaN. Skipping...
plddt_loss loss is NaN. Skipping...
supervised_chi loss is NaN. Skipping...
distogram loss is NaN. Skipping...
fape loss is NaN. Skipping...
plddt_loss loss is NaN. Skipping...
supervised_chi loss is NaN. Skipping...
CUDA out of memory. Tried to allocate 20.00 MiB. GPU 0 has a total capacity of 23.55 GiB of which 13.69 MiB is free. Including non-PyTorch memory, this process has 23.45 GiB memory in use. Of the allocated memory 22.28 GiB is allocated by PyTorch, and 875.66 MiB is reserved by PyTorch but unallocated. If reserved but unallocated memory is large try setting PYTORCH_ALLOC_CONF=expandable_segments:True to avoid fragmentation.  See documentation for Memory Management  (https://pytorch.org/docs/stable/notes/cuda.html#environment-variables)
CUDA out of memory. Tried to allocate 140.00 MiB. GPU 0 has a total capacity of 23.55 GiB of which 15.44 MiB is free. Including non-PyTorch memory, this process has 23.45 GiB memory in use. Of the allocated memory 22.65 GiB is allocated by PyTorch, and 488.81 MiB is reserved by PyTorch but unallocated. If reserved but unallocated memory is large try setting PYTORCH_ALLOC_CONF=expandable_segments:True to avoid fragmentation.  See documentation for Memory Management  (https://pytorch.org/docs/stable/notes/cuda.html#environment-variables)
distogram loss is NaN. Skipping...
fape loss is NaN. Skipping...
plddt_loss loss is NaN. Skipping...
supervised_chi loss is NaN. Skipping...
CUDA out of memory. Tried to allocate 60.00 MiB. GPU 0 has a total capacity of 23.55 GiB of which 51.44 MiB is free. Including non-PyTorch memory, this process has 23.41 GiB memory in use. Of the allocated memory 21.94 GiB is allocated by PyTorch, and 1.15 GiB is reserved by PyTorch but unallocated. If reserved but unallocated memory is large try setting PYTORCH_ALLOC_CONF=expandable_segments:True to avoid fragmentation.  See documentation for Memory Management  (https://pytorch.org/docs/stable/notes/cuda.html#environment-variables)
distogram loss is NaN. Skipping...
fape loss is NaN. Skipping...
plddt_loss loss is NaN. Skipping...
supervised_chi loss is NaN. Skipping...
distogram loss is NaN. Skipping...
fape loss is NaN. Skipping...
plddt_loss loss is NaN. Skipping...
supervised_chi loss is NaN. Skipping...
CUDA error: CUBLAS_STATUS_INTERNAL_ERROR when calling `cublasGemmStridedBatchedEx( handle, opa, opb, m, n, k, alpha_ptr, a, CUDA_R_16F, lda, stridea, b, CUDA_R_16F, ldb, strideb, beta_ptr, c, std::is_same_v<C_Dtype, float> ? CUDA_R_32F : CUDA_R_16F, ldc, stridec, num_batches, compute_type, CUBLAS_GEMM_DEFAULT_TENSOR_OP)`
distogram loss is NaN. Skipping...
fape loss is NaN. Skipping...
plddt_loss loss is NaN. Skipping...
supervised_chi loss is NaN. Skipping...
CUDA error: CUBLAS_STATUS_INTERNAL_ERROR when calling `cublasGemmStridedBatchedEx( handle, opa, opb, m, n, k, alpha_ptr, a, CUDA_R_16F, lda, stridea, b, CUDA_R_16F, ldb, strideb, beta_ptr, c, std::is_same_v<C_Dtype, float> ? CUDA_R_32F : CUDA_R_16F, ldc, stridec, num_batches, compute_type, CUBLAS_GEMM_DEFAULT_TENSOR_OP)`
distogram loss is NaN. Skipping...
fape loss is NaN. Skipping...
plddt_loss loss is NaN. Skipping...
supervised_chi loss is NaN. Skipping...
CUDA error: CUBLAS_STATUS_INTERNAL_ERROR when calling `cublasGemmStridedBatchedEx( handle, opa, opb, m, n, k, alpha_ptr, a, CUDA_R_16F, lda, stridea, b, CUDA_R_16F, ldb, strideb, beta_ptr, c, std::is_same_v<C_Dtype, float> ? CUDA_R_32F : CUDA_R_16F, ldc, stridec, num_batches, compute_type, CUBLAS_GEMM_DEFAULT_TENSOR_OP)`
distogram loss is NaN. Skipping...
fape loss is NaN. Skipping...
plddt_loss loss is NaN. Skipping...
supervised_chi loss is NaN. Skipping...
CUDA error: CUBLAS_STATUS_INTERNAL_ERROR when calling `cublasGemmStridedBatchedEx( handle, opa, opb, m, n, k, alpha_ptr, a, CUDA_R_16F, lda, stridea, b, CUDA_R_16F, ldb, strideb, beta_ptr, c, std::is_same_v<C_Dtype, float> ? CUDA_R_32F : CUDA_R_16F, ldc, stridec, num_batches, compute_type, CUBLAS_GEMM_DEFAULT_TENSOR_OP)`
CUDA out of memory. Tried to allocate 40.00 MiB. GPU 0 has a total capacity of 23.55 GiB of which 11.44 MiB is free. Including non-PyTorch memory, this process has 23.45 GiB memory in use. Of the allocated memory 22.75 GiB is allocated by PyTorch, and 396.21 MiB is reserved by PyTorch but unallocated. If reserved but unallocated memory is large try setting PYTORCH_ALLOC_CONF=expandable_segments:True to avoid fragmentation.  See documentation for Memory Management  (https://pytorch.org/docs/stable/notes/cuda.html#environment-variables)
distogram loss is NaN. Skipping...
fape loss is NaN. Skipping...
plddt_loss loss is NaN. Skipping...
supervised_chi loss is NaN. Skipping...
CUDA out of memory. Tried to allocate 38.00 MiB. GPU 0 has a total capacity of 23.55 GiB of which 7.44 MiB is free. Including non-PyTorch memory, this process has 23.46 GiB memory in use. Of the allocated memory 22.52 GiB is allocated by PyTorch, and 634.05 MiB is reserved by PyTorch but unallocated. If reserved but unallocated memory is large try setting PYTORCH_ALLOC_CONF=expandable_segments:True to avoid fragmentation.  See documentation for Memory Management  (https://pytorch.org/docs/stable/notes/cuda.html#environment-variables)
distogram loss is NaN. Skipping...
fape loss is NaN. Skipping...
plddt_loss loss is NaN. Skipping...
supervised_chi loss is NaN. Skipping...
CUDA out of memory. Tried to allocate 20.00 MiB. GPU 0 has a total capacity of 23.55 GiB of which 5.44 MiB is free. Including non-PyTorch memory, this process has 23.46 GiB memory in use. Of the allocated memory 22.72 GiB is allocated by PyTorch, and 426.63 MiB is reserved by PyTorch but unallocated. If reserved but unallocated memory is large try setting PYTORCH_ALLOC_CONF=expandable_segments:True to avoid fragmentation.  See documentation for Memory Management  (https://pytorch.org/docs/stable/notes/cuda.html#environment-variables)
epoch 1/100
total=1816.0729  distogram=0.0941  fape=0.0141  plddt_loss=0.0000  supervised_chi=0.0113  wasserstein_h0=175.1284  wasserstein_h1=21.9764  unscaled_loss=197.1584  loss=1816.0729
fold 1/5
distogram loss is NaN. Skipping...
fape loss is NaN. Skipping...
plddt_loss loss is NaN. Skipping...
supervised_chi loss is NaN. Skipping...
CUDA out of memory. Tried to allocate 34.00 MiB. GPU 0 has a total capacity of 23.55 GiB of which 19.44 MiB is free. Including non-PyTorch memory, this process has 23.45 GiB memory in use. Of the allocated memory 21.47 GiB is allocated by PyTorch, and 1.66 GiB is reserved by PyTorch but unallocated. If reserved but unallocated memory is large try setting PYTORCH_ALLOC_CONF=expandable_segments:True to avoid fragmentation.  See documentation for Memory Management  (https://pytorch.org/docs/stable/notes/cuda.html#environment-variables)
CUDA out of memory. Tried to allocate 14.00 MiB. GPU 0 has a total capacity of 23.55 GiB of which 15.44 MiB is free. Including non-PyTorch memory, this process has 23.45 GiB memory in use. Of the allocated memory 22.39 GiB is allocated by PyTorch, and 761.95 MiB is reserved by PyTorch but unallocated. If reserved but unallocated memory is large try setting PYTORCH_ALLOC_CONF=expandable_segments:True to avoid fragmentation.  See documentation for Memory Management  (https://pytorch.org/docs/stable/notes/cuda.html#environment-variables)
CUDA out of memory. Tried to allocate 20.00 MiB. GPU 0 has a total capacity of 23.55 GiB of which 13.44 MiB is free. Including non-PyTorch memory, this process has 23.45 GiB memory in use. Of the allocated memory 22.72 GiB is allocated by PyTorch, and 419.54 MiB is reserved by PyTorch but unallocated. If reserved but unallocated memory is large try setting PYTORCH_ALLOC_CONF=expandable_segments:True to avoid fragmentation.  See documentation for Memory Management  (https://pytorch.org/docs/stable/notes/cuda.html#environment-variables)
distogram loss is NaN. Skipping...
fape loss is NaN. Skipping...
plddt_loss loss is NaN. Skipping...
supervised_chi loss is NaN. Skipping...
distogram loss is NaN. Skipping...
fape loss is NaN. Skipping...
plddt_loss loss is NaN. Skipping...
supervised_chi loss is NaN. Skipping...
CUDA error: CUBLAS_STATUS_INTERNAL_ERROR when calling `cublasGemmStridedBatchedEx( handle, opa, opb, m, n, k, alpha_ptr, a, CUDA_R_16F, lda, stridea, b, CUDA_R_16F, ldb, strideb, beta_ptr, c, std::is_same_v<C_Dtype, float> ? CUDA_R_32F : CUDA_R_16F, ldc, stridec, num_batches, compute_type, CUBLAS_GEMM_DEFAULT_TENSOR_OP)`
distogram loss is NaN. Skipping...
fape loss is NaN. Skipping...
plddt_loss loss is NaN. Skipping...
supervised_chi loss is NaN. Skipping...
CUDA error: CUBLAS_STATUS_INTERNAL_ERROR when calling `cublasGemmStridedBatchedEx( handle, opa, opb, m, n, k, alpha_ptr, a, CUDA_R_16F, lda, stridea, b, CUDA_R_16F, ldb, strideb, beta_ptr, c, std::is_same_v<C_Dtype, float> ? CUDA_R_32F : CUDA_R_16F, ldc, stridec, num_batches, compute_type, CUBLAS_GEMM_DEFAULT_TENSOR_OP)`
CUDA out of memory. Tried to allocate 20.00 MiB. GPU 0 has a total capacity of 23.55 GiB of which 13.44 MiB is free. Including non-PyTorch memory, this process has 23.45 GiB memory in use. Of the allocated memory 22.56 GiB is allocated by PyTorch, and 581.90 MiB is reserved by PyTorch but unallocated. If reserved but unallocated memory is large try setting PYTORCH_ALLOC_CONF=expandable_segments:True to avoid fragmentation.  See documentation for Memory Management  (https://pytorch.org/docs/stable/notes/cuda.html#environment-variables)
distogram loss is NaN. Skipping...
fape loss is NaN. Skipping...
plddt_loss loss is NaN. Skipping...
supervised_chi loss is NaN. Skipping...
CUDA out of memory. Tried to allocate 20.00 MiB. GPU 0 has a total capacity of 23.55 GiB of which 15.44 MiB is free. Including non-PyTorch memory, this process has 23.45 GiB memory in use. Of the allocated memory 22.56 GiB is allocated by PyTorch, and 583.18 MiB is reserved by PyTorch but unallocated. If reserved but unallocated memory is large try setting PYTORCH_ALLOC_CONF=expandable_segments:True to avoid fragmentation.  See documentation for Memory Management  (https://pytorch.org/docs/stable/notes/cuda.html#environment-variables)
distogram loss is NaN. Skipping...
fape loss is NaN. Skipping...
plddt_loss loss is NaN. Skipping...
supervised_chi loss is NaN. Skipping...
CUDA out of memory. Tried to allocate 62.00 MiB. GPU 0 has a total capacity of 23.55 GiB of which 19.44 MiB is free. Including non-PyTorch memory, this process has 23.45 GiB memory in use. Of the allocated memory 22.44 GiB is allocated by PyTorch, and 701.82 MiB is reserved by PyTorch but unallocated. If reserved but unallocated memory is large try setting PYTORCH_ALLOC_CONF=expandable_segments:True to avoid fragmentation.  See documentation for Memory Management  (https://pytorch.org/docs/stable/notes/cuda.html#environment-variables)
CUDA out of memory. Tried to allocate 56.00 MiB. GPU 0 has a total capacity of 23.55 GiB of which 35.44 MiB is free. Including non-PyTorch memory, this process has 23.43 GiB memory in use. Of the allocated memory 22.71 GiB is allocated by PyTorch, and 411.37 MiB is reserved by PyTorch but unallocated. If reserved but unallocated memory is large try setting PYTORCH_ALLOC_CONF=expandable_segments:True to avoid fragmentation.  See documentation for Memory Management  (https://pytorch.org/docs/stable/notes/cuda.html#environment-variables)
distogram loss is NaN. Skipping...
fape loss is NaN. Skipping...
plddt_loss loss is NaN. Skipping...
supervised_chi loss is NaN. Skipping...
CUDA out of memory. Tried to allocate 94.00 MiB. GPU 0 has a total capacity of 23.55 GiB of which 67.44 MiB is free. Including non-PyTorch memory, this process has 23.40 GiB memory in use. Of the allocated memory 22.71 GiB is allocated by PyTorch, and 378.05 MiB is reserved by PyTorch but unallocated. If reserved but unallocated memory is large try setting PYTORCH_ALLOC_CONF=expandable_segments:True to avoid fragmentation.  See documentation for Memory Management  (https://pytorch.org/docs/stable/notes/cuda.html#environment-variables)
distogram loss is NaN. Skipping...
fape loss is NaN. Skipping...
plddt_loss loss is NaN. Skipping...
supervised_chi loss is NaN. Skipping...
CUDA error: CUBLAS_STATUS_INTERNAL_ERROR when calling `cublasGemmStridedBatchedEx( handle, opa, opb, m, n, k, alpha_ptr, a, CUDA_R_16F, lda, stridea, b, CUDA_R_16F, ldb, strideb, beta_ptr, c, std::is_same_v<C_Dtype, float> ? CUDA_R_32F : CUDA_R_16F, ldc, stridec, num_batches, compute_type, CUBLAS_GEMM_DEFAULT_TENSOR_OP)`
distogram loss is NaN. Skipping...
fape loss is NaN. Skipping...
plddt_loss loss is NaN. Skipping...
supervised_chi loss is NaN. Skipping...
distogram loss is NaN. Skipping...
fape loss is NaN. Skipping...
plddt_loss loss is NaN. Skipping...
supervised_chi loss is NaN. Skipping...
CUDA out of memory. Tried to allocate 46.00 MiB. GPU 0 has a total capacity of 23.55 GiB of which 47.44 MiB is free. Including non-PyTorch memory, this process has 23.42 GiB memory in use. Of the allocated memory 22.60 GiB is allocated by PyTorch, and 507.88 MiB is reserved by PyTorch but unallocated. If reserved but unallocated memory is large try setting PYTORCH_ALLOC_CONF=expandable_segments:True to avoid fragmentation.  See documentation for Memory Management  (https://pytorch.org/docs/stable/notes/cuda.html#environment-variables)
CUDA out of memory. Tried to allocate 20.00 MiB. GPU 0 has a total capacity of 23.55 GiB of which 11.44 MiB is free. Including non-PyTorch memory, this process has 23.45 GiB memory in use. Of the allocated memory 22.72 GiB is allocated by PyTorch, and 421.44 MiB is reserved by PyTorch but unallocated. If reserved but unallocated memory is large try setting PYTORCH_ALLOC_CONF=expandable_segments:True to avoid fragmentation.  See documentation for Memory Management  (https://pytorch.org/docs/stable/notes/cuda.html#environment-variables)
CUDA error: CUBLAS_STATUS_INTERNAL_ERROR when calling `cublasGemmStridedBatchedEx( handle, opa, opb, m, n, k, alpha_ptr, a, CUDA_R_16F, lda, stridea, b, CUDA_R_16F, ldb, strideb, beta_ptr, c, std::is_same_v<C_Dtype, float> ? CUDA_R_32F : CUDA_R_16F, ldc, stridec, num_batches, compute_type, CUBLAS_GEMM_DEFAULT_TENSOR_OP)`
CUDA out of memory. Tried to allocate 20.00 MiB. GPU 0 has a total capacity of 23.55 GiB of which 11.44 MiB is free. Including non-PyTorch memory, this process has 23.45 GiB memory in use. Of the allocated memory 22.72 GiB is allocated by PyTorch, and 421.44 MiB is reserved by PyTorch but unallocated. If reserved but unallocated memory is large try setting PYTORCH_ALLOC_CONF=expandable_segments:True to avoid fragmentation.  See documentation for Memory Management  (https://pytorch.org/docs/stable/notes/cuda.html#environment-variables)
CUDA out of memory. Tried to allocate 50.00 MiB. GPU 0 has a total capacity of 23.55 GiB of which 47.44 MiB is free. Including non-PyTorch memory, this process has 23.42 GiB memory in use. Of the allocated memory 22.08 GiB is allocated by PyTorch, and 1.02 GiB is reserved by PyTorch but unallocated. If reserved but unallocated memory is large try setting PYTORCH_ALLOC_CONF=expandable_segments:True to avoid fragmentation.  See documentation for Memory Management  (https://pytorch.org/docs/stable/notes/cuda.html#environment-variables)
CUDA out of memory. Tried to allocate 20.00 MiB. GPU 0 has a total capacity of 23.55 GiB of which 7.44 MiB is free. Including non-PyTorch memory, this process has 23.46 GiB memory in use. Of the allocated memory 22.18 GiB is allocated by PyTorch, and 976.66 MiB is reserved by PyTorch but unallocated. If reserved but unallocated memory is large try setting PYTORCH_ALLOC_CONF=expandable_segments:True to avoid fragmentation.  See documentation for Memory Management  (https://pytorch.org/docs/stable/notes/cuda.html#environment-variables)
distogram loss is NaN. Skipping...
fape loss is NaN. Skipping...
plddt_loss loss is NaN. Skipping...
supervised_chi loss is NaN. Skipping...
distogram loss is NaN. Skipping...
fape loss is NaN. Skipping...
plddt_loss loss is NaN. Skipping...
supervised_chi loss is NaN. Skipping...
CUDA out of memory. Tried to allocate 16.00 MiB. GPU 0 has a total capacity of 23.55 GiB of which 7.44 MiB is free. Including non-PyTorch memory, this process has 23.46 GiB memory in use. Of the allocated memory 22.63 GiB is allocated by PyTorch, and 518.08 MiB is reserved by PyTorch but unallocated. If reserved but unallocated memory is large try setting PYTORCH_ALLOC_CONF=expandable_segments:True to avoid fragmentation.  See documentation for Memory Management  (https://pytorch.org/docs/stable/notes/cuda.html#environment-variables)
CUDA out of memory. Tried to allocate 392.00 MiB. GPU 0 has a total capacity of 23.55 GiB of which 333.44 MiB is free. Including non-PyTorch memory, this process has 23.14 GiB memory in use. Of the allocated memory 22.39 GiB is allocated by PyTorch, and 436.62 MiB is reserved by PyTorch but unallocated. If reserved but unallocated memory is large try setting PYTORCH_ALLOC_CONF=expandable_segments:True to avoid fragmentation.  See documentation for Memory Management  (https://pytorch.org/docs/stable/notes/cuda.html#environment-variables)
CUDA out of memory. Tried to allocate 144.00 MiB. GPU 0 has a total capacity of 23.55 GiB of which 27.44 MiB is free. Including non-PyTorch memory, this process has 23.44 GiB memory in use. Of the allocated memory 22.70 GiB is allocated by PyTorch, and 425.19 MiB is reserved by PyTorch but unallocated. If reserved but unallocated memory is large try setting PYTORCH_ALLOC_CONF=expandable_segments:True to avoid fragmentation.  See documentation for Memory Management  (https://pytorch.org/docs/stable/notes/cuda.html#environment-variables)
distogram loss is NaN. Skipping...
fape loss is NaN. Skipping...
plddt_loss loss is NaN. Skipping...
supervised_chi loss is NaN. Skipping...
CUDA out of memory. Tried to allocate 20.00 MiB. GPU 0 has a total capacity of 23.55 GiB of which 17.44 MiB is free. Including non-PyTorch memory, this process has 23.45 GiB memory in use. Of the allocated memory 22.44 GiB is allocated by PyTorch, and 706.21 MiB is reserved by PyTorch but unallocated. If reserved but unallocated memory is large try setting PYTORCH_ALLOC_CONF=expandable_segments:True to avoid fragmentation.  See documentation for Memory Management  (https://pytorch.org/docs/stable/notes/cuda.html#environment-variables)
distogram loss is NaN. Skipping...
fape loss is NaN. Skipping...
plddt_loss loss is NaN. Skipping...
supervised_chi loss is NaN. Skipping...
distogram loss is NaN. Skipping...
fape loss is NaN. Skipping...
plddt_loss loss is NaN. Skipping...
supervised_chi loss is NaN. Skipping...
CUDA error: CUBLAS_STATUS_INTERNAL_ERROR when calling `cublasGemmStridedBatchedEx( handle, opa, opb, m, n, k, alpha_ptr, a, CUDA_R_16F, lda, stridea, b, CUDA_R_16F, ldb, strideb, beta_ptr, c, std::is_same_v<C_Dtype, float> ? CUDA_R_32F : CUDA_R_16F, ldc, stridec, num_batches, compute_type, CUBLAS_GEMM_DEFAULT_TENSOR_OP)`
CUDA error: CUBLAS_STATUS_INTERNAL_ERROR when calling `cublasGemmStridedBatchedEx( handle, opa, opb, m, n, k, alpha_ptr, a, CUDA_R_16F, lda, stridea, b, CUDA_R_16F, ldb, strideb, beta_ptr, c, std::is_same_v<C_Dtype, float> ? CUDA_R_32F : CUDA_R_16F, ldc, stridec, num_batches, compute_type, CUBLAS_GEMM_DEFAULT_TENSOR_OP)`
CUDA error: CUBLAS_STATUS_INTERNAL_ERROR when calling `cublasGemmStridedBatchedEx( handle, opa, opb, m, n, k, alpha_ptr, a, CUDA_R_16F, lda, stridea, b, CUDA_R_16F, ldb, strideb, beta_ptr, c, std::is_same_v<C_Dtype, float> ? CUDA_R_32F : CUDA_R_16F, ldc, stridec, num_batches, compute_type, CUBLAS_GEMM_DEFAULT_TENSOR_OP)`
distogram loss is NaN. Skipping...
fape loss is NaN. Skipping...
plddt_loss loss is NaN. Skipping...
supervised_chi loss is NaN. Skipping...
distogram loss is NaN. Skipping...
fape loss is NaN. Skipping...
plddt_loss loss is NaN. Skipping...
supervised_chi loss is NaN. Skipping...
CUDA out of memory. Tried to allocate 140.00 MiB. GPU 0 has a total capacity of 23.55 GiB of which 79.44 MiB is free. Including non-PyTorch memory, this process has 23.39 GiB memory in use. Of the allocated memory 22.65 GiB is allocated by PyTorch, and 426.49 MiB is reserved by PyTorch but unallocated. If reserved but unallocated memory is large try setting PYTORCH_ALLOC_CONF=expandable_segments:True to avoid fragmentation.  See documentation for Memory Management  (https://pytorch.org/docs/stable/notes/cuda.html#environment-variables)
distogram loss is NaN. Skipping...
fape loss is NaN. Skipping...
plddt_loss loss is NaN. Skipping...
supervised_chi loss is NaN. Skipping...
CUDA error: CUBLAS_STATUS_INTERNAL_ERROR when calling `cublasGemmStridedBatchedEx( handle, opa, opb, m, n, k, alpha_ptr, a, CUDA_R_16F, lda, stridea, b, CUDA_R_16F, ldb, strideb, beta_ptr, c, std::is_same_v<C_Dtype, float> ? CUDA_R_32F : CUDA_R_16F, ldc, stridec, num_batches, compute_type, CUBLAS_GEMM_DEFAULT_TENSOR_OP)`
CUDA error: CUBLAS_STATUS_INTERNAL_ERROR when calling `cublasGemmStridedBatchedEx( handle, opa, opb, m, n, k, alpha_ptr, a, CUDA_R_16F, lda, stridea, b, CUDA_R_16F, ldb, strideb, beta_ptr, c, std::is_same_v<C_Dtype, float> ? CUDA_R_32F : CUDA_R_16F, ldc, stridec, num_batches, compute_type, CUBLAS_GEMM_DEFAULT_TENSOR_OP)`
distogram loss is NaN. Skipping...
fape loss is NaN. Skipping...
plddt_loss loss is NaN. Skipping...
supervised_chi loss is NaN. Skipping...
CUDA out of memory. Tried to allocate 40.00 MiB. GPU 0 has a total capacity of 23.55 GiB of which 29.44 MiB is free. Including non-PyTorch memory, this process has 23.44 GiB memory in use. Of the allocated memory 22.73 GiB is allocated by PyTorch, and 400.09 MiB is reserved by PyTorch but unallocated. If reserved but unallocated memory is large try setting PYTORCH_ALLOC_CONF=expandable_segments:True to avoid fragmentation.  See documentation for Memory Management  (https://pytorch.org/docs/stable/notes/cuda.html#environment-variables)
CUDA out of memory. Tried to allocate 54.00 MiB. GPU 0 has a total capacity of 23.55 GiB of which 31.44 MiB is free. Including non-PyTorch memory, this process has 23.43 GiB memory in use. Of the allocated memory 22.73 GiB is allocated by PyTorch, and 390.43 MiB is reserved by PyTorch but unallocated. If reserved but unallocated memory is large try setting PYTORCH_ALLOC_CONF=expandable_segments:True to avoid fragmentation.  See documentation for Memory Management  (https://pytorch.org/docs/stable/notes/cuda.html#environment-variables)
CUDA out of memory. Tried to allocate 20.00 MiB. GPU 0 has a total capacity of 23.55 GiB of which 3.44 MiB is free. Including non-PyTorch memory, this process has 23.46 GiB memory in use. Of the allocated memory 22.93 GiB is allocated by PyTorch, and 216.39 MiB is reserved by PyTorch but unallocated. If reserved but unallocated memory is large try setting PYTORCH_ALLOC_CONF=expandable_segments:True to avoid fragmentation.  See documentation for Memory Management  (https://pytorch.org/docs/stable/notes/cuda.html#environment-variables)
CUDA out of memory. Tried to allocate 38.00 MiB. GPU 0 has a total capacity of 23.55 GiB of which 13.44 MiB is free. Including non-PyTorch memory, this process has 23.45 GiB memory in use. Of the allocated memory 22.77 GiB is allocated by PyTorch, and 376.34 MiB is reserved by PyTorch but unallocated. If reserved but unallocated memory is large try setting PYTORCH_ALLOC_CONF=expandable_segments:True to avoid fragmentation.  See documentation for Memory Management  (https://pytorch.org/docs/stable/notes/cuda.html#environment-variables)
CUDA out of memory. Tried to allocate 152.00 MiB. GPU 0 has a total capacity of 23.55 GiB of which 3.44 MiB is free. Including non-PyTorch memory, this process has 23.46 GiB memory in use. Of the allocated memory 22.80 GiB is allocated by PyTorch, and 346.66 MiB is reserved by PyTorch but unallocated. If reserved but unallocated memory is large try setting PYTORCH_ALLOC_CONF=expandable_segments:True to avoid fragmentation.  See documentation for Memory Management  (https://pytorch.org/docs/stable/notes/cuda.html#environment-variables)
CUDA error: CUBLAS_STATUS_INTERNAL_ERROR when calling `cublasGemmStridedBatchedEx( handle, opa, opb, m, n, k, alpha_ptr, a, CUDA_R_16F, lda, stridea, b, CUDA_R_16F, ldb, strideb, beta_ptr, c, std::is_same_v<C_Dtype, float> ? CUDA_R_32F : CUDA_R_16F, ldc, stridec, num_batches, compute_type, CUBLAS_GEMM_DEFAULT_TENSOR_OP)`
CUDA out of memory. Tried to allocate 20.00 MiB. GPU 0 has a total capacity of 23.55 GiB of which 15.44 MiB is free. Including non-PyTorch memory, this process has 23.45 GiB memory in use. Of the allocated memory 23.01 GiB is allocated by PyTorch, and 119.73 MiB is reserved by PyTorch but unallocated. If reserved but unallocated memory is large try setting PYTORCH_ALLOC_CONF=expandable_segments:True to avoid fragmentation.  See documentation for Memory Management  (https://pytorch.org/docs/stable/notes/cuda.html#environment-variables)
CUDA error: CUBLAS_STATUS_INTERNAL_ERROR when calling `cublasGemmStridedBatchedEx( handle, opa, opb, m, n, k, alpha_ptr, a, CUDA_R_16F, lda, stridea, b, CUDA_R_16F, ldb, strideb, beta_ptr, c, std::is_same_v<C_Dtype, float> ? CUDA_R_32F : CUDA_R_16F, ldc, stridec, num_batches, compute_type, CUBLAS_GEMM_DEFAULT_TENSOR_OP)`
CUDA out of memory. Tried to allocate 38.00 MiB. GPU 0 has a total capacity of 23.55 GiB of which 39.44 MiB is free. Including non-PyTorch memory, this process has 23.43 GiB memory in use. Of the allocated memory 22.16 GiB is allocated by PyTorch, and 966.63 MiB is reserved by PyTorch but unallocated. If reserved but unallocated memory is large try setting PYTORCH_ALLOC_CONF=expandable_segments:True to avoid fragmentation.  See documentation for Memory Management  (https://pytorch.org/docs/stable/notes/cuda.html#environment-variables)
CUDA error: CUBLAS_STATUS_INTERNAL_ERROR when calling `cublasGemmStridedBatchedEx( handle, opa, opb, m, n, k, alpha_ptr, a, CUDA_R_16F, lda, stridea, b, CUDA_R_16F, ldb, strideb, beta_ptr, c, std::is_same_v<C_Dtype, float> ? CUDA_R_32F : CUDA_R_16F, ldc, stridec, num_batches, compute_type, CUBLAS_GEMM_DEFAULT_TENSOR_OP)`
CUDA error: CUBLAS_STATUS_INTERNAL_ERROR when calling `cublasGemmStridedBatchedEx( handle, opa, opb, m, n, k, alpha_ptr, a, CUDA_R_16F, lda, stridea, b, CUDA_R_16F, ldb, strideb, beta_ptr, c, std::is_same_v<C_Dtype, float> ? CUDA_R_32F : CUDA_R_16F, ldc, stridec, num_batches, compute_type, CUBLAS_GEMM_DEFAULT_TENSOR_OP)`
CUDA out of memory. Tried to allocate 158.00 MiB. GPU 0 has a total capacity of 23.55 GiB of which 65.44 MiB is free. Including non-PyTorch memory, this process has 23.40 GiB memory in use. Of the allocated memory 22.81 GiB is allocated by PyTorch, and 274.36 MiB is reserved by PyTorch but unallocated. If reserved but unallocated memory is large try setting PYTORCH_ALLOC_CONF=expandable_segments:True to avoid fragmentation.  See documentation for Memory Management  (https://pytorch.org/docs/stable/notes/cuda.html#environment-variables)
distogram loss is NaN. Skipping...
fape loss is NaN. Skipping...
plddt_loss loss is NaN. Skipping...
supervised_chi loss is NaN. Skipping...
CUDA error: CUBLAS_STATUS_INTERNAL_ERROR when calling `cublasGemmStridedBatchedEx( handle, opa, opb, m, n, k, alpha_ptr, a, CUDA_R_16F, lda, stridea, b, CUDA_R_16F, ldb, strideb, beta_ptr, c, std::is_same_v<C_Dtype, float> ? CUDA_R_32F : CUDA_R_16F, ldc, stridec, num_batches, compute_type, CUBLAS_GEMM_DEFAULT_TENSOR_OP)`
distogram loss is NaN. Skipping...
fape loss is NaN. Skipping...
plddt_loss loss is NaN. Skipping...
supervised_chi loss is NaN. Skipping...
CUDA error: CUBLAS_STATUS_INTERNAL_ERROR when calling `cublasGemmStridedBatchedEx( handle, opa, opb, m, n, k, alpha_ptr, a, CUDA_R_16F, lda, stridea, b, CUDA_R_16F, ldb, strideb, beta_ptr, c, std::is_same_v<C_Dtype, float> ? CUDA_R_32F : CUDA_R_16F, ldc, stridec, num_batches, compute_type, CUBLAS_GEMM_DEFAULT_TENSOR_OP)`
distogram loss is NaN. Skipping...
fape loss is NaN. Skipping...
plddt_loss loss is NaN. Skipping...
supervised_chi loss is NaN. Skipping...
CUDA error: CUBLAS_STATUS_INTERNAL_ERROR when calling `cublasGemmStridedBatchedEx( handle, opa, opb, m, n, k, alpha_ptr, a, CUDA_R_16F, lda, stridea, b, CUDA_R_16F, ldb, strideb, beta_ptr, c, std::is_same_v<C_Dtype, float> ? CUDA_R_32F : CUDA_R_16F, ldc, stridec, num_batches, compute_type, CUBLAS_GEMM_DEFAULT_TENSOR_OP)`
distogram loss is NaN. Skipping...
fape loss is NaN. Skipping...
plddt_loss loss is NaN. Skipping...
supervised_chi loss is NaN. Skipping...
distogram loss is NaN. Skipping...
fape loss is NaN. Skipping...
plddt_loss loss is NaN. Skipping...
supervised_chi loss is NaN. Skipping...
CUDA out of memory. Tried to allocate 26.00 MiB. GPU 0 has a total capacity of 23.55 GiB of which 23.44 MiB is free. Including non-PyTorch memory, this process has 23.44 GiB memory in use. Of the allocated memory 22.03 GiB is allocated by PyTorch, and 1.09 GiB is reserved by PyTorch but unallocated. If reserved but unallocated memory is large try setting PYTORCH_ALLOC_CONF=expandable_segments:True to avoid fragmentation.  See documentation for Memory Management  (https://pytorch.org/docs/stable/notes/cuda.html#environment-variables)
distogram loss is NaN. Skipping...
fape loss is NaN. Skipping...
plddt_loss loss is NaN. Skipping...
supervised_chi loss is NaN. Skipping...
CUDA error: CUBLAS_STATUS_INTERNAL_ERROR when calling `cublasGemmStridedBatchedEx( handle, opa, opb, m, n, k, alpha_ptr, a, CUDA_R_16F, lda, stridea, b, CUDA_R_16F, ldb, strideb, beta_ptr, c, std::is_same_v<C_Dtype, float> ? CUDA_R_32F : CUDA_R_16F, ldc, stridec, num_batches, compute_type, CUBLAS_GEMM_DEFAULT_TENSOR_OP)`
CUDA error: CUBLAS_STATUS_INTERNAL_ERROR when calling `cublasGemmStridedBatchedEx( handle, opa, opb, m, n, k, alpha_ptr, a, CUDA_R_16F, lda, stridea, b, CUDA_R_16F, ldb, strideb, beta_ptr, c, std::is_same_v<C_Dtype, float> ? CUDA_R_32F : CUDA_R_16F, ldc, stridec, num_batches, compute_type, CUBLAS_GEMM_DEFAULT_TENSOR_OP)`
distogram loss is NaN. Skipping...
fape loss is NaN. Skipping...
plddt_loss loss is NaN. Skipping...
supervised_chi loss is NaN. Skipping...
distogram loss is NaN. Skipping...
fape loss is NaN. Skipping...
plddt_loss loss is NaN. Skipping...
supervised_chi loss is NaN. Skipping...
CUDA out of memory. Tried to allocate 20.00 MiB. GPU 0 has a total capacity of 23.55 GiB of which 13.44 MiB is free. Including non-PyTorch memory, this process has 23.45 GiB memory in use. Of the allocated memory 22.39 GiB is allocated by PyTorch, and 761.53 MiB is reserved by PyTorch but unallocated. If reserved but unallocated memory is large try setting PYTORCH_ALLOC_CONF=expandable_segments:True to avoid fragmentation.  See documentation for Memory Management  (https://pytorch.org/docs/stable/notes/cuda.html#environment-variables)
CUDA error: CUBLAS_STATUS_INTERNAL_ERROR when calling `cublasGemmStridedBatchedEx( handle, opa, opb, m, n, k, alpha_ptr, a, CUDA_R_16F, lda, stridea, b, CUDA_R_16F, ldb, strideb, beta_ptr, c, std::is_same_v<C_Dtype, float> ? CUDA_R_32F : CUDA_R_16F, ldc, stridec, num_batches, compute_type, CUBLAS_GEMM_DEFAULT_TENSOR_OP)`
distogram loss is NaN. Skipping...
fape loss is NaN. Skipping...
plddt_loss loss is NaN. Skipping...
supervised_chi loss is NaN. Skipping...
CUDA out of memory. Tried to allocate 20.00 MiB. GPU 0 has a total capacity of 23.55 GiB of which 21.44 MiB is free. Including non-PyTorch memory, this process has 23.44 GiB memory in use. Of the allocated memory 23.09 GiB is allocated by PyTorch, and 36.91 MiB is reserved by PyTorch but unallocated. If reserved but unallocated memory is large try setting PYTORCH_ALLOC_CONF=expandable_segments:True to avoid fragmentation.  See documentation for Memory Management  (https://pytorch.org/docs/stable/notes/cuda.html#environment-variables)
distogram loss is NaN. Skipping...
fape loss is NaN. Skipping...
plddt_loss loss is NaN. Skipping...
supervised_chi loss is NaN. Skipping...
distogram loss is NaN. Skipping...
fape loss is NaN. Skipping...
plddt_loss loss is NaN. Skipping...
supervised_chi loss is NaN. Skipping...
CUDA out of memory. Tried to allocate 22.00 MiB. GPU 0 has a total capacity of 23.55 GiB of which 17.44 MiB is free. Including non-PyTorch memory, this process has 23.45 GiB memory in use. Of the allocated memory 22.45 GiB is allocated by PyTorch, and 695.51 MiB is reserved by PyTorch but unallocated. If reserved but unallocated memory is large try setting PYTORCH_ALLOC_CONF=expandable_segments:True to avoid fragmentation.  See documentation for Memory Management  (https://pytorch.org/docs/stable/notes/cuda.html#environment-variables)
CUDA error: CUBLAS_STATUS_INTERNAL_ERROR when calling `cublasGemmStridedBatchedEx( handle, opa, opb, m, n, k, alpha_ptr, a, CUDA_R_16F, lda, stridea, b, CUDA_R_16F, ldb, strideb, beta_ptr, c, std::is_same_v<C_Dtype, float> ? CUDA_R_32F : CUDA_R_16F, ldc, stridec, num_batches, compute_type, CUBLAS_GEMM_DEFAULT_TENSOR_OP)`
distogram loss is NaN. Skipping...
fape loss is NaN. Skipping...
plddt_loss loss is NaN. Skipping...
supervised_chi loss is NaN. Skipping...
distogram loss is NaN. Skipping...
fape loss is NaN. Skipping...
plddt_loss loss is NaN. Skipping...
supervised_chi loss is NaN. Skipping...
CUDA error: CUBLAS_STATUS_INTERNAL_ERROR when calling `cublasGemmStridedBatchedEx( handle, opa, opb, m, n, k, alpha_ptr, a, CUDA_R_16F, lda, stridea, b, CUDA_R_16F, ldb, strideb, beta_ptr, c, std::is_same_v<C_Dtype, float> ? CUDA_R_32F : CUDA_R_16F, ldc, stridec, num_batches, compute_type, CUBLAS_GEMM_DEFAULT_TENSOR_OP)`
CUDA out of memory. Tried to allocate 18.00 MiB. GPU 0 has a total capacity of 23.55 GiB of which 13.44 MiB is free. Including non-PyTorch memory, this process has 23.45 GiB memory in use. Of the allocated memory 22.35 GiB is allocated by PyTorch, and 802.75 MiB is reserved by PyTorch but unallocated. If reserved but unallocated memory is large try setting PYTORCH_ALLOC_CONF=expandable_segments:True to avoid fragmentation.  See documentation for Memory Management  (https://pytorch.org/docs/stable/notes/cuda.html#environment-variables)
CUDA out of memory. Tried to allocate 58.00 MiB. GPU 0 has a total capacity of 23.55 GiB of which 7.44 MiB is free. Including non-PyTorch memory, this process has 23.46 GiB memory in use. Of the allocated memory 22.55 GiB is allocated by PyTorch, and 602.44 MiB is reserved by PyTorch but unallocated. If reserved but unallocated memory is large try setting PYTORCH_ALLOC_CONF=expandable_segments:True to avoid fragmentation.  See documentation for Memory Management  (https://pytorch.org/docs/stable/notes/cuda.html#environment-variables)
CUDA error: CUBLAS_STATUS_INTERNAL_ERROR when calling `cublasGemmStridedBatchedEx( handle, opa, opb, m, n, k, alpha_ptr, a, CUDA_R_16F, lda, stridea, b, CUDA_R_16F, ldb, strideb, beta_ptr, c, std::is_same_v<C_Dtype, float> ? CUDA_R_32F : CUDA_R_16F, ldc, stridec, num_batches, compute_type, CUBLAS_GEMM_DEFAULT_TENSOR_OP)`
CUDA out of memory. Tried to allocate 284.00 MiB. GPU 0 has a total capacity of 23.55 GiB of which 121.44 MiB is free. Including non-PyTorch memory, this process has 23.35 GiB memory in use. Of the allocated memory 22.58 GiB is allocated by PyTorch, and 454.31 MiB is reserved by PyTorch but unallocated. If reserved but unallocated memory is large try setting PYTORCH_ALLOC_CONF=expandable_segments:True to avoid fragmentation.  See documentation for Memory Management  (https://pytorch.org/docs/stable/notes/cuda.html#environment-variables)
distogram loss is NaN. Skipping...
fape loss is NaN. Skipping...
plddt_loss loss is NaN. Skipping...
supervised_chi loss is NaN. Skipping...
distogram loss is NaN. Skipping...
fape loss is NaN. Skipping...
plddt_loss loss is NaN. Skipping...
supervised_chi loss is NaN. Skipping...
CUDA out of memory. Tried to allocate 16.00 MiB. GPU 0 has a total capacity of 23.55 GiB of which 7.44 MiB is free. Including non-PyTorch memory, this process has 23.46 GiB memory in use. Of the allocated memory 22.27 GiB is allocated by PyTorch, and 887.82 MiB is reserved by PyTorch but unallocated. If reserved but unallocated memory is large try setting PYTORCH_ALLOC_CONF=expandable_segments:True to avoid fragmentation.  See documentation for Memory Management  (https://pytorch.org/docs/stable/notes/cuda.html#environment-variables)
CUDA error: CUBLAS_STATUS_INTERNAL_ERROR when calling `cublasGemmStridedBatchedEx( handle, opa, opb, m, n, k, alpha_ptr, a, CUDA_R_16F, lda, stridea, b, CUDA_R_16F, ldb, strideb, beta_ptr, c, std::is_same_v<C_Dtype, float> ? CUDA_R_32F : CUDA_R_16F, ldc, stridec, num_batches, compute_type, CUBLAS_GEMM_DEFAULT_TENSOR_OP)`
CUDA out of memory. Tried to allocate 98.00 MiB. GPU 0 has a total capacity of 23.55 GiB of which 55.44 MiB is free. Including non-PyTorch memory, this process has 23.41 GiB memory in use. Of the allocated memory 22.65 GiB is allocated by PyTorch, and 450.50 MiB is reserved by PyTorch but unallocated. If reserved but unallocated memory is large try setting PYTORCH_ALLOC_CONF=expandable_segments:True to avoid fragmentation.  See documentation for Memory Management  (https://pytorch.org/docs/stable/notes/cuda.html#environment-variables)
CUDA error: CUBLAS_STATUS_INTERNAL_ERROR when calling `cublasGemmStridedBatchedEx( handle, opa, opb, m, n, k, alpha_ptr, a, CUDA_R_16F, lda, stridea, b, CUDA_R_16F, ldb, strideb, beta_ptr, c, std::is_same_v<C_Dtype, float> ? CUDA_R_32F : CUDA_R_16F, ldc, stridec, num_batches, compute_type, CUBLAS_GEMM_DEFAULT_TENSOR_OP)`
CUDA error: CUBLAS_STATUS_INTERNAL_ERROR when calling `cublasGemmStridedBatchedEx( handle, opa, opb, m, n, k, alpha_ptr, a, CUDA_R_16F, lda, stridea, b, CUDA_R_16F, ldb, strideb, beta_ptr, c, std::is_same_v<C_Dtype, float> ? CUDA_R_32F : CUDA_R_16F, ldc, stridec, num_batches, compute_type, CUBLAS_GEMM_DEFAULT_TENSOR_OP)`
distogram loss is NaN. Skipping...
fape loss is NaN. Skipping...
plddt_loss loss is NaN. Skipping...
supervised_chi loss is NaN. Skipping...
CUDA out of memory. Tried to allocate 36.00 MiB. GPU 0 has a total capacity of 23.55 GiB of which 23.44 MiB is free. Including non-PyTorch memory, this process has 23.44 GiB memory in use. Of the allocated memory 23.01 GiB is allocated by PyTorch, and 115.23 MiB is reserved by PyTorch but unallocated. If reserved but unallocated memory is large try setting PYTORCH_ALLOC_CONF=expandable_segments:True to avoid fragmentation.  See documentation for Memory Management  (https://pytorch.org/docs/stable/notes/cuda.html#environment-variables)
distogram loss is NaN. Skipping...
fape loss is NaN. Skipping...
plddt_loss loss is NaN. Skipping...
supervised_chi loss is NaN. Skipping...
CUDA error: CUBLAS_STATUS_INTERNAL_ERROR when calling `cublasGemmStridedBatchedEx( handle, opa, opb, m, n, k, alpha_ptr, a, CUDA_R_16F, lda, stridea, b, CUDA_R_16F, ldb, strideb, beta_ptr, c, std::is_same_v<C_Dtype, float> ? CUDA_R_32F : CUDA_R_16F, ldc, stridec, num_batches, compute_type, CUBLAS_GEMM_DEFAULT_TENSOR_OP)`
distogram loss is NaN. Skipping...
fape loss is NaN. Skipping...
plddt_loss loss is NaN. Skipping...
supervised_chi loss is NaN. Skipping...
distogram loss is NaN. Skipping...
fape loss is NaN. Skipping...
plddt_loss loss is NaN. Skipping...
supervised_chi loss is NaN. Skipping...
CUDA out of memory. Tried to allocate 36.00 MiB. GPU 0 has a total capacity of 23.55 GiB of which 17.44 MiB is free. Including non-PyTorch memory, this process has 23.45 GiB memory in use. Of the allocated memory 22.81 GiB is allocated by PyTorch, and 322.05 MiB is reserved by PyTorch but unallocated. If reserved but unallocated memory is large try setting PYTORCH_ALLOC_CONF=expandable_segments:True to avoid fragmentation.  See documentation for Memory Management  (https://pytorch.org/docs/stable/notes/cuda.html#environment-variables)
CUDA error: CUBLAS_STATUS_INTERNAL_ERROR when calling `cublasGemmStridedBatchedEx( handle, opa, opb, m, n, k, alpha_ptr, a, CUDA_R_16F, lda, stridea, b, CUDA_R_16F, ldb, strideb, beta_ptr, c, std::is_same_v<C_Dtype, float> ? CUDA_R_32F : CUDA_R_16F, ldc, stridec, num_batches, compute_type, CUBLAS_GEMM_DEFAULT_TENSOR_OP)`
distogram loss is NaN. Skipping...
fape loss is NaN. Skipping...
plddt_loss loss is NaN. Skipping...
supervised_chi loss is NaN. Skipping...
CUDA error: CUBLAS_STATUS_INTERNAL_ERROR when calling `cublasGemmStridedBatchedEx( handle, opa, opb, m, n, k, alpha_ptr, a, CUDA_R_16F, lda, stridea, b, CUDA_R_16F, ldb, strideb, beta_ptr, c, std::is_same_v<C_Dtype, float> ? CUDA_R_32F : CUDA_R_16F, ldc, stridec, num_batches, compute_type, CUBLAS_GEMM_DEFAULT_TENSOR_OP)`
CUDA error: CUBLAS_STATUS_INTERNAL_ERROR when calling `cublasGemmStridedBatchedEx( handle, opa, opb, m, n, k, alpha_ptr, a, CUDA_R_16F, lda, stridea, b, CUDA_R_16F, ldb, strideb, beta_ptr, c, std::is_same_v<C_Dtype, float> ? CUDA_R_32F : CUDA_R_16F, ldc, stridec, num_batches, compute_type, CUBLAS_GEMM_DEFAULT_TENSOR_OP)`
distogram loss is NaN. Skipping...
fape loss is NaN. Skipping...
plddt_loss loss is NaN. Skipping...
supervised_chi loss is NaN. Skipping...
CUDA out of memory. Tried to allocate 240.00 MiB. GPU 0 has a total capacity of 23.55 GiB of which 123.44 MiB is free. Including non-PyTorch memory, this process has 23.34 GiB memory in use. Of the allocated memory 22.58 GiB is allocated by PyTorch, and 453.81 MiB is reserved by PyTorch but unallocated. If reserved but unallocated memory is large try setting PYTORCH_ALLOC_CONF=expandable_segments:True to avoid fragmentation.  See documentation for Memory Management  (https://pytorch.org/docs/stable/notes/cuda.html#environment-variables)
distogram loss is NaN. Skipping...
fape loss is NaN. Skipping...
plddt_loss loss is NaN. Skipping...
supervised_chi loss is NaN. Skipping...
distogram loss is NaN. Skipping...
fape loss is NaN. Skipping...
plddt_loss loss is NaN. Skipping...
supervised_chi loss is NaN. Skipping...
epoch 2/100
total=1826.9192  distogram=0.0000  fape=0.0000  plddt_loss=0.0000  supervised_chi=0.0000  wasserstein_h0=176.9156  wasserstein_h1=22.0505  unscaled_loss=198.9661  loss=1826.9192
fold 1/5
CUDA error: CUBLAS_STATUS_INTERNAL_ERROR when calling `cublasGemmStridedBatchedEx( handle, opa, opb, m, n, k, alpha_ptr, a, CUDA_R_16F, lda, stridea, b, CUDA_R_16F, ldb, strideb, beta_ptr, c, std::is_same_v<C_Dtype, float> ? CUDA_R_32F : CUDA_R_16F, ldc, stridec, num_batches, compute_type, CUBLAS_GEMM_DEFAULT_TENSOR_OP)`
distogram loss is NaN. Skipping...
fape loss is NaN. Skipping...
plddt_loss loss is NaN. Skipping...
supervised_chi loss is NaN. Skipping...
distogram loss is NaN. Skipping...
fape loss is NaN. Skipping...
plddt_loss loss is NaN. Skipping...
supervised_chi loss is NaN. Skipping...
CUDA out of memory. Tried to allocate 20.00 MiB. GPU 0 has a total capacity of 23.55 GiB of which 11.44 MiB is free. Including non-PyTorch memory, this process has 23.45 GiB memory in use. Of the allocated memory 22.41 GiB is allocated by PyTorch, and 740.49 MiB is reserved by PyTorch but unallocated. If reserved but unallocated memory is large try setting PYTORCH_ALLOC_CONF=expandable_segments:True to avoid fragmentation.  See documentation for Memory Management  (https://pytorch.org/docs/stable/notes/cuda.html#environment-variables)
CUDA error: CUBLAS_STATUS_INTERNAL_ERROR when calling `cublasGemmStridedBatchedEx( handle, opa, opb, m, n, k, alpha_ptr, a, CUDA_R_16F, lda, stridea, b, CUDA_R_16F, ldb, strideb, beta_ptr, c, std::is_same_v<C_Dtype, float> ? CUDA_R_32F : CUDA_R_16F, ldc, stridec, num_batches, compute_type, CUBLAS_GEMM_DEFAULT_TENSOR_OP)`
CUDA error: CUBLAS_STATUS_INTERNAL_ERROR when calling `cublasGemmStridedBatchedEx( handle, opa, opb, m, n, k, alpha_ptr, a, CUDA_R_16F, lda, stridea, b, CUDA_R_16F, ldb, strideb, beta_ptr, c, std::is_same_v<C_Dtype, float> ? CUDA_R_32F : CUDA_R_16F, ldc, stridec, num_batches, compute_type, CUBLAS_GEMM_DEFAULT_TENSOR_OP)`
distogram loss is NaN. Skipping...
fape loss is NaN. Skipping...
plddt_loss loss is NaN. Skipping...
supervised_chi loss is NaN. Skipping...
CUDA out of memory. Tried to allocate 94.00 MiB. GPU 0 has a total capacity of 23.55 GiB of which 45.44 MiB is free. Including non-PyTorch memory, this process has 23.42 GiB memory in use. Of the allocated memory 22.71 GiB is allocated by PyTorch, and 398.96 MiB is reserved by PyTorch but unallocated. If reserved but unallocated memory is large try setting PYTORCH_ALLOC_CONF=expandable_segments:True to avoid fragmentation.  See documentation for Memory Management  (https://pytorch.org/docs/stable/notes/cuda.html#environment-variables)
distogram loss is NaN. Skipping...
fape loss is NaN. Skipping...
plddt_loss loss is NaN. Skipping...
supervised_chi loss is NaN. Skipping...
CUDA error: CUBLAS_STATUS_INTERNAL_ERROR when calling `cublasGemmStridedBatchedEx( handle, opa, opb, m, n, k, alpha_ptr, a, CUDA_R_16F, lda, stridea, b, CUDA_R_16F, ldb, strideb, beta_ptr, c, std::is_same_v<C_Dtype, float> ? CUDA_R_32F : CUDA_R_16F, ldc, stridec, num_batches, compute_type, CUBLAS_GEMM_DEFAULT_TENSOR_OP)`
CUDA error: CUBLAS_STATUS_INTERNAL_ERROR when calling `cublasGemmStridedBatchedEx( handle, opa, opb, m, n, k, alpha_ptr, a, CUDA_R_16F, lda, stridea, b, CUDA_R_16F, ldb, strideb, beta_ptr, c, std::is_same_v<C_Dtype, float> ? CUDA_R_32F : CUDA_R_16F, ldc, stridec, num_batches, compute_type, CUBLAS_GEMM_DEFAULT_TENSOR_OP)`
CUDA error: CUBLAS_STATUS_INTERNAL_ERROR when calling `cublasGemmStridedBatchedEx( handle, opa, opb, m, n, k, alpha_ptr, a, CUDA_R_16F, lda, stridea, b, CUDA_R_16F, ldb, strideb, beta_ptr, c, std::is_same_v<C_Dtype, float> ? CUDA_R_32F : CUDA_R_16F, ldc, stridec, num_batches, compute_type, CUBLAS_GEMM_DEFAULT_TENSOR_OP)`
CUDA out of memory. Tried to allocate 20.00 MiB. GPU 0 has a total capacity of 23.55 GiB of which 7.44 MiB is free. Including non-PyTorch memory, this process has 23.46 GiB memory in use. Of the allocated memory 22.22 GiB is allocated by PyTorch, and 935.98 MiB is reserved by PyTorch but unallocated. If reserved but unallocated memory is large try setting PYTORCH_ALLOC_CONF=expandable_segments:True to avoid fragmentation.  See documentation for Memory Management  (https://pytorch.org/docs/stable/notes/cuda.html#environment-variables)
CUDA out of memory. Tried to allocate 20.00 MiB. GPU 0 has a total capacity of 23.55 GiB of which 7.44 MiB is free. Including non-PyTorch memory, this process has 23.46 GiB memory in use. Of the allocated memory 22.90 GiB is allocated by PyTorch, and 247.17 MiB is reserved by PyTorch but unallocated. If reserved but unallocated memory is large try setting PYTORCH_ALLOC_CONF=expandable_segments:True to avoid fragmentation.  See documentation for Memory Management  (https://pytorch.org/docs/stable/notes/cuda.html#environment-variables)
CUDA error: CUBLAS_STATUS_INTERNAL_ERROR when calling `cublasGemmStridedBatchedEx( handle, opa, opb, m, n, k, alpha_ptr, a, CUDA_R_16F, lda, stridea, b, CUDA_R_16F, ldb, strideb, beta_ptr, c, std::is_same_v<C_Dtype, float> ? CUDA_R_32F : CUDA_R_16F, ldc, stridec, num_batches, compute_type, CUBLAS_GEMM_DEFAULT_TENSOR_OP)`
CUDA out of memory. Tried to allocate 30.00 MiB. GPU 0 has a total capacity of 23.55 GiB of which 29.44 MiB is free. Including non-PyTorch memory, this process has 23.44 GiB memory in use. Of the allocated memory 22.74 GiB is allocated by PyTorch, and 386.88 MiB is reserved by PyTorch but unallocated. If reserved but unallocated memory is large try setting PYTORCH_ALLOC_CONF=expandable_segments:True to avoid fragmentation.  See documentation for Memory Management  (https://pytorch.org/docs/stable/notes/cuda.html#environment-variables)
distogram loss is NaN. Skipping...
fape loss is NaN. Skipping...
plddt_loss loss is NaN. Skipping...
supervised_chi loss is NaN. Skipping...
CUDA error: CUBLAS_STATUS_INTERNAL_ERROR when calling `cublasGemmStridedBatchedEx( handle, opa, opb, m, n, k, alpha_ptr, a, CUDA_R_16F, lda, stridea, b, CUDA_R_16F, ldb, strideb, beta_ptr, c, std::is_same_v<C_Dtype, float> ? CUDA_R_32F : CUDA_R_16F, ldc, stridec, num_batches, compute_type, CUBLAS_GEMM_DEFAULT_TENSOR_OP)`
CUDA error: CUBLAS_STATUS_INTERNAL_ERROR when calling `cublasGemmStridedBatchedEx( handle, opa, opb, m, n, k, alpha_ptr, a, CUDA_R_16F, lda, stridea, b, CUDA_R_16F, ldb, strideb, beta_ptr, c, std::is_same_v<C_Dtype, float> ? CUDA_R_32F : CUDA_R_16F, ldc, stridec, num_batches, compute_type, CUBLAS_GEMM_DEFAULT_TENSOR_OP)`
distogram loss is NaN. Skipping...
fape loss is NaN. Skipping...
plddt_loss loss is NaN. Skipping...
supervised_chi loss is NaN. Skipping...
distogram loss is NaN. Skipping...
fape loss is NaN. Skipping...
plddt_loss loss is NaN. Skipping...
supervised_chi loss is NaN. Skipping...
